<?xml version="1.0" encoding="UTF-8"?>
<testsuite name="com.example.demo.service.StringServiceTest" tests="5" skipped="0" failures="0" errors="0" timestamp="2026-01-21T14:35:01.999Z" hostname="Tuongs-MacBook-Pro.local" time="0.004">
  <properties/>
  <testcase name="isPalindromeFalse()" classname="com.example.demo.service.StringServiceTest" time="0.001"/>
  <testcase name="joinWorks()" classname="com.example.demo.service.StringServiceTest" time="0.001"/>
  <testcase name="reverseWorks()" classname="com.example.demo.service.StringServiceTest" time="0.0"/>
  <testcase name="isPalindromeTrue()" classname="com.example.demo.service.StringServiceTest" time="0.001"/>
  <testcase name="reverseNullReturnsNull()" classname="com.example.demo.service.StringServiceTest" time="0.0"/>
  <system-out><![CDATA[]]></system-out>
  <system-err><![CDATA[]]></system-err>
</testsuite>
