<?xml version="1.0" encoding="UTF-8"?>
<testsuite name="com.example.demo.service.UserServiceTest" tests="5" skipped="0" failures="0" errors="0" timestamp="2026-01-21T14:35:02.006Z" hostname="Tuongs-MacBook-Pro.local" time="0.008">
  <properties/>
  <testcase name="getAndListAndDeleteWork()" classname="com.example.demo.service.UserServiceTest" time="0.002"/>
  <testcase name="updateNonExistingThrows()" classname="com.example.demo.service.UserServiceTest" time="0.002"/>
  <testcase name="createUserWorksAndNormalizesEmail()" classname="com.example.demo.service.UserServiceTest" time="0.001"/>
  <testcase name="updateUserChangesFields()" classname="com.example.demo.service.UserServiceTest" time="0.0"/>
  <testcase name="createUserDuplicateEmailThrows()" classname="com.example.demo.service.UserServiceTest" time="0.001"/>
  <system-out><![CDATA[]]></system-out>
  <system-err><![CDATA[]]></system-err>
</testsuite>
