<?xml version="1.0" encoding="UTF-8"?>
<testsuite name="com.example.demo.service.MathServiceTest" tests="5" skipped="0" failures="0" errors="0" timestamp="2026-01-21T14:16:49.733Z" hostname="Tuongs-MacBook-Pro.local" time="0.006">
  <properties/>
  <testcase name="divideByZeroThrows()" classname="com.example.demo.service.MathServiceTest" time="0.001"/>
  <testcase name="divideWorks()" classname="com.example.demo.service.MathServiceTest" time="0.0"/>
  <testcase name="addWorks()" classname="com.example.demo.service.MathServiceTest" time="0.001"/>
  <testcase name="multiplyWorks()" classname="com.example.demo.service.MathServiceTest" time="0.001"/>
  <testcase name="subtractWorks()" classname="com.example.demo.service.MathServiceTest" time="0.001"/>
  <system-out><![CDATA[]]></system-out>
  <system-err><![CDATA[]]></system-err>
</testsuite>
