<?xml version="1.0" encoding="UTF-8"?>
<testsuite name="com.example.demo.service.DateServiceTest" tests="3" skipped="0" failures="0" errors="0" timestamp="2026-01-21T14:35:01.978Z" hostname="Tuongs-MacBook-Pro.local" time="0.009">
  <properties/>
  <testcase name="parseAndFormatKnownString()" classname="com.example.demo.service.DateServiceTest" time="0.004"/>
  <testcase name="parseNullThrows()" classname="com.example.demo.service.DateServiceTest" time="0.002"/>
  <testcase name="formatNowUtcReturnsNonNull()" classname="com.example.demo.service.DateServiceTest" time="0.002"/>
  <system-out><![CDATA[]]></system-out>
  <system-err><![CDATA[]]></system-err>
</testsuite>
