<?xml version="1.0" encoding="UTF-8"?>
<testsuite name="com.example.demo.repository.InMemoryUserRepositoryTest" tests="5" skipped="0" failures="0" errors="0" timestamp="2026-01-21T14:16:49.687Z" hostname="Tuongs-MacBook-Pro.local" time="0.018">
  <properties/>
  <testcase name="concurrentSavesProduceUniqueIdsAndNoLostWrites()" classname="com.example.demo.repository.InMemoryUserRepositoryTest" time="0.015"/>
  <testcase name="findByEmailIsCaseInsensitive()" classname="com.example.demo.repository.InMemoryUserRepositoryTest" time="0.001"/>
  <testcase name="saveAssignsIdAndFindByIdWorks()" classname="com.example.demo.repository.InMemoryUserRepositoryTest" time="0.0"/>
  <testcase name="findAllAndDeleteWork()" classname="com.example.demo.repository.InMemoryUserRepositoryTest" time="0.0"/>
  <testcase name="clearResetsIdGenerator()" classname="com.example.demo.repository.InMemoryUserRepositoryTest" time="0.0"/>
  <system-out><![CDATA[]]></system-out>
  <system-err><![CDATA[]]></system-err>
</testsuite>
