<?xml version="1.0" encoding="UTF-8"?>
<testsuite name="com.example.demo.service.CollectionServiceTest" tests="4" skipped="0" failures="0" errors="0" timestamp="2026-01-21T14:35:01.967Z" hostname="Tuongs-MacBook-Pro.local" time="0.006">
  <properties/>
  <testcase name="sumReturnsCorrectSum()" classname="com.example.demo.service.CollectionServiceTest" time="0.001"/>
  <testcase name="sumHandlesNullsAndEmpty()" classname="com.example.demo.service.CollectionServiceTest" time="0.001"/>
  <testcase name="uniqueSortedNullReturnsNull()" classname="com.example.demo.service.CollectionServiceTest" time="0.001"/>
  <testcase name="uniqueSortedRemovesDuplicatesAndSorts()" classname="com.example.demo.service.CollectionServiceTest" time="0.0"/>
  <system-out><![CDATA[]]></system-out>
  <system-err><![CDATA[]]></system-err>
</testsuite>
